<?xml version="1.0" encoding="UTF-8"?>
<!-- Generated by org.testng.reporters.JUnitXMLReporter -->
<testsuite ignored="0" hostname="DESKTOP-OOHKJP3" failures="1" tests="18" name="Create New Request Workflow" time="26.67" errors="0" timestamp="2021-07-19T16:22:56 CDT">
  <testcase classname="Execution.createNewRequest" name="testForCertPage" time="2.158"/>
  <testcase classname="Execution.createNewRequest" name="returnToHomePage" time="0.327">
    <failure type="org.openqa.selenium.NoSuchElementException" message="no such element: Unable to locate element: {&amp;quot;method&amp;quot;:&amp;quot;partial link text&amp;quot;,&amp;quot;selector&amp;quot;:&amp;quot;Main Page&amp;quot;}
  (Session info: chrome=91.0.4472.124)
For documentation on this error, please visit: https://www.seleniumhq.org/exceptions/no_such_element.html
Build info: version: &amp;apos;3.141.59&amp;apos;, revision: &amp;apos;e82be7d358&amp;apos;, time: &amp;apos;2018-11-14T08:25:48&amp;apos;
System info: host: &amp;apos;DESKTOP-OOHKJP3&amp;apos;, ip: &amp;apos;172.31.96.1&amp;apos;, os.name: &amp;apos;Windows 10&amp;apos;, os.arch: &amp;apos;amd64&amp;apos;, os.version: &amp;apos;10.0&amp;apos;, java.version: &amp;apos;15.0.2&amp;apos;
Driver info: org.openqa.selenium.chrome.ChromeDriver
Capabilities {acceptInsecureCerts: false, browserName: chrome, browserVersion: 91.0.4472.124, chrome: {chromedriverVersion: 90.0.4430.24 (4c6d850f087da..., userDataDir: C:\Users\MAXRIC~1\AppData\L...}, goog:chromeOptions: {debuggerAddress: localhost:61461}, javascriptEnabled: true, networkConnectionEnabled: false, pageLoadStrategy: normal, platform: WINDOWS, platformName: WINDOWS, proxy: Proxy(), setWindowRect: true, strictFileInteractability: false, timeouts: {implicit: 0, pageLoad: 300000, script: 30000}, unhandledPromptBehavior: dismiss and notify, webauthn:extension:largeBlob: true, webauthn:virtualAuthenticators: true}
Session ID: dcdcb26357397535a7203a974455a24a
*** Element info: {Using=partial link text, value=Main Page}">
      <![CDATA[org.openqa.selenium.NoSuchElementException: no such element: Unable to locate element: {"method":"partial link text","selector":"Main Page"}
  (Session info: chrome=91.0.4472.124)
For documentation on this error, please visit: https://www.seleniumhq.org/exceptions/no_such_element.html
Build info: version: '3.141.59', revision: 'e82be7d358', time: '2018-11-14T08:25:48'
System info: host: 'DESKTOP-OOHKJP3', ip: '172.31.96.1', os.name: 'Windows 10', os.arch: 'amd64', os.version: '10.0', java.version: '15.0.2'
Driver info: org.openqa.selenium.chrome.ChromeDriver
Capabilities {acceptInsecureCerts: false, browserName: chrome, browserVersion: 91.0.4472.124, chrome: {chromedriverVersion: 90.0.4430.24 (4c6d850f087da..., userDataDir: C:\Users\MAXRIC~1\AppData\L...}, goog:chromeOptions: {debuggerAddress: localhost:61461}, javascriptEnabled: true, networkConnectionEnabled: false, pageLoadStrategy: normal, platform: WINDOWS, platformName: WINDOWS, proxy: Proxy(), setWindowRect: true, strictFileInteractability: false, timeouts: {implicit: 0, pageLoad: 300000, script: 30000}, unhandledPromptBehavior: dismiss and notify, webauthn:extension:largeBlob: true, webauthn:virtualAuthenticators: true}
Session ID: dcdcb26357397535a7203a974455a24a
*** Element info: {Using=partial link text, value=Main Page}
at org.openqa.selenium.remote.http.W3CHttpResponseCodec.createException(W3CHttpResponseCodec.java:187)
at org.openqa.selenium.remote.http.W3CHttpResponseCodec.decode(W3CHttpResponseCodec.java:122)
at org.openqa.selenium.remote.http.W3CHttpResponseCodec.decode(W3CHttpResponseCodec.java:49)
at org.openqa.selenium.remote.HttpCommandExecutor.execute(HttpCommandExecutor.java:158)
at org.openqa.selenium.remote.service.DriverCommandExecutor.execute(DriverCommandExecutor.java:83)
at org.openqa.selenium.remote.RemoteWebDriver.execute(RemoteWebDriver.java:552)
at org.openqa.selenium.remote.RemoteWebDriver.findElement(RemoteWebDriver.java:323)
at org.openqa.selenium.remote.RemoteWebDriver.findElementByPartialLinkText(RemoteWebDriver.java:388)
at org.openqa.selenium.By$ByPartialLinkText.findElement(By.java:250)
at org.openqa.selenium.remote.RemoteWebDriver.findElement(RemoteWebDriver.java:315)
at Execution.createNewRequest.returnToHomePage(createNewRequest.java:234)
at java.base/java.util.ArrayList.forEach(ArrayList.java:1511)
... Removed 32 stack frames]]>
    </failure>
  </testcase> <!-- returnToHomePage -->
  <testcase classname="Execution.createNewRequest" name="selectNewRequest2" time="1.18"/>
  <testcase classname="Execution.createNewRequest" name="selectService2" time="1.464"/>
  <testcase classname="Execution.createNewRequest" name="selectServiceAcuteCare2" time="0.996"/>
  <testcase classname="Execution.createNewRequest" name="selectRequestPriority2" time="1.075"/>
  <testcase classname="Execution.createNewRequest" name="selectRequestNormalPriority2" time="1.064"/>
  <testcase classname="Execution.createNewRequest" name="inputRequestTitle2" time="1.177"/>
  <testcase classname="Execution.createNewRequest" name="selectMRTestChkBox2" time="1.084"/>
  <testcase classname="Execution.createNewRequest" name="selectClickToProceedButton2" time="2.001"/>
  <testcase classname="Execution.createNewRequest" name="enterFirstAndLastName" time="1.198"/>
  <testcase classname="Execution.createNewRequest" name="enterMiddleInitial" time="1.119"/>
  <testcase classname="Execution.createNewRequest" name="selectNextQuestion2" time="1.096"/>
  <testcase classname="Execution.createNewRequest" name="selectThirdQuestion" time="1.357"/>
  <testcase classname="Execution.createNewRequest" name="selectNextQuestion" time="1.009"/>
  <testcase classname="Execution.createNewRequest" name="selectSubmitRequest" time="2.836"/>
  <testcase classname="Execution.createNewRequest" name="enterRequestCommend" time="1.925"/>
  <testcase classname="Execution.createNewRequest" name="selectAcceptJob" time="1.117"/>
</testsuite> <!-- Create New Request Workflow -->
