<?xml version="1.0" encoding="UTF-8"?>
<!-- Generated by org.testng.reporters.JUnitXMLReporter -->
<<<<<<< Updated upstream
<testsuite ignored="0" hostname="DESKTOP-OOHKJP3" failures="0" tests="3" name="Default test" time="0.074" errors="0" timestamp="2021-07-20T15:04:07 CDT">
  <testcase classname="Framework.setupFramework" name="@BeforeClass initializeFramework" time="-1.626811447534E9">
    <failure type="org.testng.TestNGException" message="
Parameter &amp;apos;browser&amp;apos; is required by BeforeClass on method initializeFramework but has not been marked @Optional or defined
in C:\Users\MaxRichard\AppData\Local\Temp\testng-eclipse-796069296\testng-customsuite.xml">
      <![CDATA[org.testng.TestNGException: 
Parameter 'browser' is required by BeforeClass on method initializeFramework but has not been marked @Optional or defined
in C:\Users\MaxRichard\AppData\Local\Temp\testng-eclipse-796069296\testng-customsuite.xml
=======
<testsuite ignored="0" hostname="DESKTOP-OOHKJP3" failures="0" tests="5" name="Default test" time="0.079" errors="0" timestamp="2021-07-22T10:00:57 CDT">
  <testcase classname="Framework.setupFramework" name="@BeforeClass initializeFramework" time="-1.626966057298E9">
    <failure type="org.testng.TestNGException" message="
Parameter &amp;apos;browser&amp;apos; is required by BeforeClass on method initializeFramework but has not been marked @Optional or defined
in C:\Users\MaxRichard\AppData\Local\Temp\testng-eclipse--1745029269\testng-customsuite.xml">
      <![CDATA[org.testng.TestNGException: 
Parameter 'browser' is required by BeforeClass on method initializeFramework but has not been marked @Optional or defined
in C:\Users\MaxRichard\AppData\Local\Temp\testng-eclipse--1745029269\testng-customsuite.xml
>>>>>>> Stashed changes
at org.testng.internal.Parameters.createParams(Parameters.java:270)
at org.testng.internal.Parameters.createParametersForMethod(Parameters.java:358)
at org.testng.internal.Parameters.createParameters(Parameters.java:700)
at org.testng.internal.Parameters.createConfigurationParameters(Parameters.java:168)
at org.testng.internal.ConfigInvoker.invokeConfigurations(ConfigInvoker.java:302)
at org.testng.internal.TestMethodWorker.invokeBeforeClassMethods(TestMethodWorker.java:176)
at org.testng.internal.TestMethodWorker.run(TestMethodWorker.java:122)
at java.base/java.util.ArrayList.forEach(ArrayList.java:1511)
at org.testng.TestRunner.privateRun(TestRunner.java:794)
at org.testng.TestRunner.run(TestRunner.java:596)
at org.testng.SuiteRunner.runTest(SuiteRunner.java:377)
at org.testng.SuiteRunner.runSequentially(SuiteRunner.java:371)
at org.testng.SuiteRunner.privateRun(SuiteRunner.java:332)
at org.testng.SuiteRunner.run(SuiteRunner.java:276)
at org.testng.SuiteRunnerWorker.runSuite(SuiteRunnerWorker.java:53)
at org.testng.SuiteRunnerWorker.run(SuiteRunnerWorker.java:96)
at org.testng.TestNG.runSuitesSequentially(TestNG.java:1212)
at org.testng.TestNG.runSuitesLocally(TestNG.java:1134)
at org.testng.TestNG.runSuites(TestNG.java:1063)
at org.testng.TestNG.run(TestNG.java:1031)
at org.testng.remote.AbstractRemoteTestNG.run(AbstractRemoteTestNG.java:115)
at org.testng.remote.RemoteTestNG.initAndRun(RemoteTestNG.java:251)
at org.testng.remote.RemoteTestNG.main(RemoteTestNG.java:77)
]]>
    </failure>
  </testcase> <!-- @BeforeClass initializeFramework -->
<<<<<<< Updated upstream
  <testcase classname="Execution.orgChartWorkflow" name="@BeforeClass setUp" time="-1.626811447543E9">
    <skipped/>
  </testcase> <!-- @BeforeClass setUp -->
  <testcase classname="Execution.orgChartWorkflow" name="@BeforeMethod setUp" time="-1.626811447561E9">
    <skipped/>
  </testcase> <!-- @BeforeMethod setUp -->
  <testcase classname="Execution.orgChartWorkflow" name="@BeforeMethod setUp" time="-1.62681144757E9">
    <skipped/>
  </testcase> <!-- @BeforeMethod setUp -->
  <testcase classname="Execution.orgChartWorkflow" name="@BeforeMethod setUp" time="-1.62681144758E9">
    <skipped/>
  </testcase> <!-- @BeforeMethod setUp -->
  <testcase classname="Framework.setupFramework" name="@AfterClass closeDown" time="-1.62681144759E9">
    <skipped/>
  </testcase> <!-- @AfterClass closeDown -->
  <testcase classname="Execution.orgChartWorkflow" name="testForCertPage" time="0.0">
    <skipped/>
  </testcase> <!-- testForCertPage -->
  <testcase classname="Execution.orgChartWorkflow" name="searchByEmployee" time="0.0">
    <skipped/>
  </testcase> <!-- searchByEmployee -->
  <testcase classname="Execution.orgChartWorkflow" name="verifySearchByEmployee" time="0.0">
    <skipped/>
  </testcase> <!-- verifySearchByEmployee -->
=======
  <testcase classname="Execution.reportBuilderWorkflow" name="@BeforeClass setUp" time="-1.626966057308E9">
    <skipped/>
  </testcase> <!-- @BeforeClass setUp -->
  <testcase classname="Execution.reportBuilderWorkflow" name="@BeforeMethod setUp" time="-1.626966057323E9">
    <skipped/>
  </testcase> <!-- @BeforeMethod setUp -->
  <testcase classname="Execution.reportBuilderWorkflow" name="@BeforeMethod setUp" time="-1.626966057332E9">
    <skipped/>
  </testcase> <!-- @BeforeMethod setUp -->
  <testcase classname="Execution.reportBuilderWorkflow" name="@BeforeMethod setUp" time="-1.626966057337E9">
    <skipped/>
  </testcase> <!-- @BeforeMethod setUp -->
  <testcase classname="Execution.reportBuilderWorkflow" name="@BeforeMethod setUp" time="-1.626966057342E9">
    <skipped/>
  </testcase> <!-- @BeforeMethod setUp -->
  <testcase classname="Execution.reportBuilderWorkflow" name="@BeforeMethod setUp" time="-1.626966057347E9">
    <skipped/>
  </testcase> <!-- @BeforeMethod setUp -->
  <testcase classname="Framework.setupFramework" name="@AfterClass closeDown" time="-1.626966057351E9">
    <skipped/>
  </testcase> <!-- @AfterClass closeDown -->
  <testcase classname="Execution.reportBuilderWorkflow" name="testForCertPage" time="0.0">
    <skipped/>
  </testcase> <!-- testForCertPage -->
  <testcase classname="Execution.reportBuilderWorkflow" name="clickReportBuilder" time="0.0">
    <skipped/>
  </testcase> <!-- clickReportBuilder -->
  <testcase classname="Execution.reportBuilderWorkflow" name="clickServiceButton" time="0.0">
    <skipped/>
  </testcase> <!-- clickServiceButton -->
  <testcase classname="Execution.reportBuilderWorkflow" name="inputTextBox01" time="0.0">
    <skipped/>
  </testcase> <!-- inputTextBox01 -->
  <testcase classname="Execution.reportBuilderWorkflow" name="selectAnd01" time="0.0">
    <skipped/>
  </testcase> <!-- selectAnd01 -->
>>>>>>> Stashed changes
</testsuite> <!-- Default test -->
